D:\Work\BSUIR\ОКГ\Лабы\ПЧ-2Д.dwg,Модель,14.11.2023 23:52:12,Rabbs,AutoCAD PDF (General Documentation).pc3,ISO без полей A4 (210.00 x 297.00 мм),1:2.61621,
D:\Work\BSUIR\ОКГ\Лабы\ПЧ-3Д.dwg,А4,14.11.2023 23:53:45,Rabbs,AutoCAD PDF (General Documentation).pc3,ISO без полей A4 (210.00 x 297.00 мм),1:1,
D:\Work\BSUIR\ОКГ\Лабы\ПП-23Д.dwg,А4,14.11.2023 23:55:24,Rabbs,AutoCAD PDF (General Documentation).pc3,ISO без полей A4 (210.00 x 297.00 мм),1:1,
D:\Work\BSUIR\ОКГ\Лабы\ПП-23Д.dwg,А3,14.11.2023 23:56:33,Rabbs,AutoCAD PDF (General Documentation).pc3,ISO без полей A3 (297.00 x 420.00 мм),1:1,
D:\Work\BSUIR\ОКГ\Лабы\ПЧ-2Д.dwg,Модель,15.11.2023 13:59:52,Rabbs,AutoCAD PDF (General Documentation).pc3,ISO без полей A4 (210.00 x 297.00 мм),1:4.24065,
F:\ОКГ_1_лаба.dwg,Модель,15.11.2023 14:00:29,Rabbs,AutoCAD PDF (General Documentation).pc3,ISO без полей A4 (210.00 x 297.00 мм),1:2.05391,
F:\ОКГ_1_лаба.dwg,Модель,15.11.2023 14:02:59,Rabbs,AutoCAD PDF (General Documentation).pc3,ISO без полей A4 (210.00 x 297.00 мм),1:0.828408,
F:\ОКГ_1_лаба.dwg,Модель,15.11.2023 14:04:05,Rabbs,AutoCAD PDF (General Documentation).pc3,ISO без полей A4 (210.00 x 297.00 мм),1:3.40263,
F:\ОКГ_1_лаба.dwg,Модель,15.11.2023 14:05:09,Rabbs,AutoCAD PDF (General Documentation).pc3,ISO без полей A4 (210.00 x 297.00 мм),1:0.538683,
D:\Work\BSUIR\ОКГ\Лабы\Контрольная_1.dwg,А4,15.11.2023 14:06:07,Rabbs,AutoCAD PDF (General Documentation).pc3,ISO без полей A4 (210.00 x 297.00 мм),1:1,
F:\ОКГ_1_лаба.dwg,Модель,15.11.2023 14:07:38,Rabbs,AutoCAD PDF (General Documentation).pc3,ISO без полей A4 (210.00 x 297.00 мм),1:2.22719,
D:\Work\BSUIR\ОКГ\Лабы\ПЧ-3Д.dwg,А4,15.11.2023 14:09:22,Rabbs,AutoCAD PDF (General Documentation).pc3,ISO без полей A4 (210.00 x 297.00 мм),1:1,
D:\Work\BSUIR\ОКГ\Лабы\ПЧ-2Д.dwg,Модель,15.11.2023 14:24:59,Rabbs,AutoCAD PDF (General Documentation).pc3,ISO без полей A4 (210.00 x 297.00 мм),1:4.02701,
D:\Work\BSUIR\ОКГ\Лабы\ПЧ-2Д.dwg,Модель,15.11.2023 14:27:53,Rabbs,AutoCAD PDF (General Documentation).pc3,ISO без полей A4 (210.00 x 297.00 мм),1:4.09377,
D:\Work\BSUIR\ОКГ\Лабы\ПЧ-2Д.dwg,Модель,15.11.2023 14:29:09,Rabbs,AutoCAD PDF (General Documentation).pc3,ISO без полей A4 (210.00 x 297.00 мм),1:1.41511,
D:\Work\BSUIR\ОКГ\Лабы\ОКГ_1_лаба.dwg,Модель,15.11.2023 14:30:06,Rabbs,AutoCAD PDF (General Documentation).pc3,ISO без полей A4 (210.00 x 297.00 мм),1:1.41511,
D:\Work\BSUIR\ОКГ\Лабы\ОКГ_лаба_1_А3.dwg,Модель,15.11.2023 14:32:41,Rabbs,AutoCAD PDF (General Documentation).pc3,ISO без полей A4 (210.00 x 297.00 мм),1:1.41511,
D:\Work\BSUIR\ОКГ\Лабы\ПЧ-2Д.dwg,Модель,15.11.2023 14:34:18,Rabbs,AutoCAD PDF (General Documentation).pc3,ISO без полей A4 (210.00 x 297.00 мм),1:1.41519,
D:\Work\BSUIR\ОКГ\Лабы\ПЧ-3Д.dwg,А4,15.11.2023 14:35:18,Rabbs,AutoCAD PDF (General Documentation).pc3,ISO без полей A4 (210.00 x 297.00 мм),1:1,
D:\Work\BSUIR\ОКГ\Лабы\ПЧ-3Д.dwg,А4,15.11.2023 14:36:50,Rabbs,AutoCAD PDF (General Documentation).pc3,ISO без полей A4 (210.00 x 297.00 мм),1:1,
D:\Work\BSUIR\ОКГ\Лабы\ПЧ-2Д.dwg,Модель,15.11.2023 14:38:04,Rabbs,AutoCAD PDF (General Documentation).pc3,ISO без полей A4 (210.00 x 297.00 мм),1:1.41511,
D:\Work\BSUIR\ОКГ\Лабы\ПП-23Д.dwg,А4,15.11.2023 14:38:20,Rabbs,AutoCAD PDF (General Documentation).pc3,ISO без полей A4 (210.00 x 297.00 мм),1:1,
D:\Work\BSUIR\ОКГ\Лабы\ПП-23Д.dwg,А3,15.11.2023 14:39:07,Rabbs,AutoCAD PDF (General Documentation).pc3,ISO без полей A3 (297.00 x 420.00 мм),1:1,
D:\Work\BSUIR\ОКГ\Лабы\Контрольная_1.dwg,А4,15.11.2023 14:40:15,Rabbs,AutoCAD PDF (General Documentation).pc3,ISO без полей A4 (210.00 x 297.00 мм),1:1,
D:\Work\BSUIR\ОКГ\Лабы\ПЧ-2Д.dwg,Модель,15.11.2023 16:10:07,Rabbs,AutoCAD PDF (General Documentation).pc3,ISO без полей A4 (210.00 x 297.00 мм),1:1.41511,
